     1 00000000                                 ;hello-os
     2 00000000                                 ; TAB=4
     3 00000000                                 
     4                                          		ORG		0x7c00		;このプログラムがどこに読み込まれているのか
     5 00007C00                                 
     6 00007C00                                 ;以下は標準的なFAT12フォーマットフロッピーディスクのための記述
     7 00007C00                                 
     8 00007C00 EB 4E                           		JMP		entry
     9 00007C02 90                              		DB		0x90
    10 00007C03 48 45 4C 4C 4F 49 50 4C         		DB		"HELLOIPL"	;ブートセクタの名前を自由に書いてよい (8バイト)
    11 00007C0B 0200                            		DW		512		;1セクタの大きさ (512にしなければいけない)
    12 00007C0D 01                              		DB		1		;クラスタの大きさ (1セクタにしなければいけない)
    13 00007C0E 0001                            		DW		1		;FATがどこから始まるか (普通は1セクタ目からにする)
    14 00007C10 02                              		DB		2		;FATの個数 (2にしなければいけない)
    15 00007C11 00E0                            		DW		224		;ルートディレクトリ領域の大きさ (普通は244エントリにする)
    16 00007C13 0B40                            		DW		2880		;このドライブの大きさ (2880にしなければいけない)
    17 00007C15 F0                              		DB		0xf0		;メディアのタイプ (0xf0にしなければいけない)
    18 00007C16 0009                            		DW		9		;FAT領域の長さ (9セクタにしなければいけない)
    19 00007C18 0012                            		DW		18		;1トラックにいくつのセクタがあるか (18にしなければいけない)
    20 00007C1A 0002                            		DW		2		;ヘッドの数 (2にしなければいけない)
    21 00007C1C 00000000                        		DD		0		;パーティションを使っていないのでここは必ず0
    22 00007C20 00000B40                        		DD		2880		;このドライブの大きさをもう一度書く
    23 00007C24 00 00 29                        		DB		0,0,0x29	;この値にしておくといいらしい
    24 00007C27 FFFFFFFF                        		DD		0xffffffff	;ボリュームシリアル番号
    25 00007C2B 48 45 4C 4C 4F 2D 4F 53 20 20   		DB		"HELLO-OS   "	;ディスクの名前 (11バイト)
       00007C35 20 
    26 00007C36 46 41 54 31 32 20 20 20         		DB		"FAT12   "	;フォーマットの名前 (8バイト)
    27 00007C3E 00 00 00 00 00 00 00 00 00 00   		RESB	18			;18バイトあけておく
       00007C48 00 00 00 00 00 00 00 00 
    28 00007C50                                 
    29 00007C50                                 ;プログラム本体
    30 00007C50                                 
    31 00007C50                                 entry:
    32 00007C50 B8 0000                         		MOV		AX,0		;レジスタの初期化
    33 00007C53 8E D0                           		MOV		SS,AX
    34 00007C55 BC 7C00                         		MOV		SP,0x7c00
    35 00007C58 8E D8                           		MOV		DS,AX
    36 00007C5A                                 
    37 00007C5A                                 ;ディスクを読む
    38 00007C5A                                 
    39 00007C5A B8 0820                         		MOV		AX,0x0820
    40 00007C5D 8E C0                           		MOV		ES,AX
    41 00007C5F B5 00                           		MOV		CH,0		;シリンダ0
    42 00007C61 B6 00                           		MOV		DH,0		;ヘッド0
    43 00007C63 B1 02                           		MOV		CL,2		;セクタ2
    44 00007C65                                 
    45 00007C65 B4 02                           		MOV		AH,0x02		;AH=0x02 : ディスク読み込み
    46 00007C67 B0 01                           		MOV		AL,1		;1セクタ
    47 00007C69 BB 0000                         		MOV		BX,0		
    48 00007C6C B2 00                           		MOV		DL,0x00		;Aドライブ
    49 00007C6E CD 13                           		INT		0x13		;ディスクBIOS呼び出し
    50 00007C70 73 03                           		JNC		error
    51 00007C72                                 fin:
    52 00007C72 F4                              		HLT				;何かあるまでCPUを停止させる
    53 00007C73 EB FD                           		JMP		fin		;無限ループ
    54 00007C75                                 error
    55 00007C75 BE 7C8B                         		MOV		SI,msg
    56 00007C78                                 putluup:
    57 00007C78 8A 04                           		MOV		AL,[SI]
    58 00007C7A 83 C6 01                        		ADD		SI,1		;SIに1を足す
    59 00007C7D 3C 00                           		CMP		AL,0
    60 00007C7F 74 F1                           		JE		fin
    61 00007C81 B4 0E                           		MOV		AH,0x0e		;一文字表示フィンクション
    62 00007C83 BB 000F                         		MOV		BX,15		;カラーコード
    63 00007C86 CD 10                           		INT		0x10		;ビデオBIOSの呼び出し
    64 00007C88 E9 8375                         		JMP		putloop
      >> [ERROR #012] expression error.
    65 00007C8B                                 msg:
    66 00007C8B 0A 0A                           		DB		0x0a, 0x0a		;改行を2つ
    67 00007C8D 6C 6F 61 64 20 65 72 72 6F 72   		DB		"load error"
    68 00007C97 0A                              		DB		0x0a			;改行
    69 00007C98 00                              		DB		0
    70 00007C99                                 
    71 00007C99 00 00 00 00 00 00 00 00 00 00   		RESB	0x7dfe-$				;0x7dfeまでを0x00で埋める命令
       00007CA3 00 00 00 00 00 00 00 00 00 00 
       00007CAD 00 00 00 00 00 00 00 00 00 00 
       00007CB7 00 00 00 00 00 00 00 00 00 00 
       00007CC1 00 00 00 00 00 00 00 00 00 00 
       00007CCB 00 00 00 00 00 00 00 00 00 00 
       00007CD5 00 00 00 00 00 00 00 00 00 00 
       00007CDF 00 00 00 00 00 00 00 00 00 00 
       00007CE9 00 00 00 00 00 00 00 00 00 00 
       00007CF3 00 00 00 00 00 00 00 00 00 00 
       00007CFD 00 00 00 00 00 00 00 00 00 00 
       00007D07 00 00 00 00 00 00 00 00 00 00 
       00007D11 00 00 00 00 00 00 00 00 00 00 
       00007D1B 00 00 00 00 00 00 00 00 00 00 
       00007D25 00 00 00 00 00 00 00 00 00 00 
       00007D2F 00 00 00 00 00 00 00 00 00 00 
       00007D39 00 00 00 00 00 00 00 00 00 00 
       00007D43 00 00 00 00 00 00 00 00 00 00 
       00007D4D 00 00 00 00 00 00 00 00 00 00 
       00007D57 00 00 00 00 00 00 00 00 00 00 
       00007D61 00 00 00 00 00 00 00 00 00 00 
       00007D6B 00 00 00 00 00 00 00 00 00 00 
       00007D75 00 00 00 00 00 00 00 00 00 00 
       00007D7F 00 00 00 00 00 00 00 00 00 00 
       00007D89 00 00 00 00 00 00 00 00 00 00 
       00007D93 00 00 00 00 00 00 00 00 00 00 
       00007D9D 00 00 00 00 00 00 00 00 00 00 
       00007DA7 00 00 00 00 00 00 00 00 00 00 
       00007DB1 00 00 00 00 00 00 00 00 00 00 
       00007DBB 00 00 00 00 00 00 00 00 00 00 
       00007DC5 00 00 00 00 00 00 00 00 00 00 
       00007DCF 00 00 00 00 00 00 00 00 00 00 
       00007DD9 00 00 00 00 00 00 00 00 00 00 
       00007DE3 00 00 00 00 00 00 00 00 00 00 
       00007DED 00 00 00 00 00 00 00 00 00 00 
       00007DF7 00 00 00 00 00 00 00 
    72 00007DFE                                 
    73 00007DFE 55 AA                           		DB		0x55, 0xaa
